WARNING: pku auth not implemented
[2024-08-13 09:45:02 +0000] [34662] [INFO] Sanic v23.12.2
[2024-08-13 09:45:02 +0000] [34662] [INFO] Goin' Fast @ http://127.0.0.1:8010
[2024-08-13 09:45:02 +0000] [34662] [INFO] app: guiding-star-backend
[2024-08-13 09:45:02 +0000] [34662] [INFO] mode: production, single worker
[2024-08-13 09:45:02 +0000] [34662] [INFO] server: sanic, HTTP/1.1
[2024-08-13 09:45:02 +0000] [34662] [INFO] python: 3.10.12
[2024-08-13 09:45:02 +0000] [34662] [INFO] platform: Linux-5.15.0-94-generic-x86_64-with-glibc2.35
[2024-08-13 09:45:02 +0000] [34662] [INFO] packages: sanic-routing==23.12.0, sanic-ext==23.12.0
[2024-08-13 09:45:02 +0000] [34662] [INFO] Sanic Extensions:
[2024-08-13 09:45:02 +0000] [34662] [INFO]   > injection [3 dependencies; 0 constants]
[2024-08-13 09:45:02 +0000] [34662] [INFO]   > http 
[2024-08-13 09:45:02 +0000] [34662] [INFO]   > templating [jinja2==3.1.4]
worker#0 [debug] base.__init__: worker#0 started
worker#0 [debug] reducer.sync_with_reducer: sent handshake
worker#0 [debug] worker.sync_with_reducer: begin sync
worker#0 [info] worker.sync_with_reducer: got sync data, tick=0, count=1
worker#0 [error] trigger.on_store_reload: trigger_board_begin not found, estimating a time for it
worker#0 [error] trigger.on_store_reload: trigger_board_end not found, estimating a time for it
worker#0 [debug] game.on_scoreboard_batch_update_done: batch update received 0 submissions
worker#0 [debug] worker.sync_with_reducer: game state reconstructed
push message log-error
[ERROR trigger.on_store_reload]
trigger_board_begin not found, estimating a time for it
push message log-error
[ERROR trigger.on_store_reload]
trigger_board_end not found, estimating a time for it
worker#0 [success] worker.mainloop: started to receive events
[2024-08-13 09:45:06 +0000] [34662] [INFO] Starting worker [34662]
